-------------------------------------------------------------------------------
Test set: backend.controller.MonthlyControllerTest
-------------------------------------------------------------------------------
Tests run: 1, Failures: 0, Errors: 1, Skipped: 0, Time elapsed: 0.265 s <<< FAILURE! - in backend.controller.MonthlyControllerTest
backend.controller.MonthlyControllerTest  Time elapsed: 0.263 s  <<< ERROR!
java.lang.IllegalStateException: Unable to find a @SpringBootConfiguration, you need to use @ContextConfiguration or @SpringBootTest(classes=...) with your test

