-------------------------------------------------------------------------------
Test set: com.spring.backend.controller.MonthlyControllerTest
-------------------------------------------------------------------------------
Tests run: 7, Failures: 0, Errors: 7, Skipped: 0, Time elapsed: 12.085 s <<< FAILURE! - in com.spring.backend.controller.MonthlyControllerTest
getAllMonthly  Time elapsed: 0 s  <<< ERROR!
java.lang.IllegalStateException: Failed to load ApplicationContext
Caused by: org.springframework.beans.factory.UnsatisfiedDependencyException: Error creating bean with name 'userAnswerController': Unsatisfied dependency expressed through field 'userAnswerService'; nested exception is org.springframework.beans.factory.UnsatisfiedDependencyException: Error creating bean with name 'userAnswerService' defined in file [C:\Users\zaed_\Documents\GitHub\Projekt\target\classes\com\spring\backend\service\UserAnswerService.class]: Unsatisfied dependency expressed through constructor parameter 5; nested exception is org.springframework.beans.factory.BeanCreationException: Error creating bean with name 'userService': Invocation of init method failed; nested exception is java.lang.RuntimeException: Error: Role is not found.
Caused by: org.springframework.beans.factory.UnsatisfiedDependencyException: Error creating bean with name 'userAnswerService' defined in file [C:\Users\zaed_\Documents\GitHub\Projekt\target\classes\com\spring\backend\service\UserAnswerService.class]: Unsatisfied dependency expressed through constructor parameter 5; nested exception is org.springframework.beans.factory.BeanCreationException: Error creating bean with name 'userService': Invocation of init method failed; nested exception is java.lang.RuntimeException: Error: Role is not found.
Caused by: org.springframework.beans.factory.BeanCreationException: Error creating bean with name 'userService': Invocation of init method failed; nested exception is java.lang.RuntimeException: Error: Role is not found.
Caused by: java.lang.RuntimeException: Error: Role is not found.

findActiveMonthly  Time elapsed: 0 s  <<< ERROR!
java.lang.IllegalStateException: Failed to load ApplicationContext
Caused by: org.springframework.beans.factory.UnsatisfiedDependencyException: Error creating bean with name 'userAnswerController': Unsatisfied dependency expressed through field 'userAnswerService'; nested exception is org.springframework.beans.factory.UnsatisfiedDependencyException: Error creating bean with name 'userAnswerService' defined in file [C:\Users\zaed_\Documents\GitHub\Projekt\target\classes\com\spring\backend\service\UserAnswerService.class]: Unsatisfied dependency expressed through constructor parameter 5; nested exception is org.springframework.beans.factory.BeanCreationException: Error creating bean with name 'userService': Invocation of init method failed; nested exception is java.lang.RuntimeException: Error: Role is not found.
Caused by: org.springframework.beans.factory.UnsatisfiedDependencyException: Error creating bean with name 'userAnswerService' defined in file [C:\Users\zaed_\Documents\GitHub\Projekt\target\classes\com\spring\backend\service\UserAnswerService.class]: Unsatisfied dependency expressed through constructor parameter 5; nested exception is org.springframework.beans.factory.BeanCreationException: Error creating bean with name 'userService': Invocation of init method failed; nested exception is java.lang.RuntimeException: Error: Role is not found.
Caused by: org.springframework.beans.factory.BeanCreationException: Error creating bean with name 'userService': Invocation of init method failed; nested exception is java.lang.RuntimeException: Error: Role is not found.
Caused by: java.lang.RuntimeException: Error: Role is not found.

createNewMonthly  Time elapsed: 0 s  <<< ERROR!
java.lang.IllegalStateException: Failed to load ApplicationContext
Caused by: org.springframework.beans.factory.UnsatisfiedDependencyException: Error creating bean with name 'userAnswerController': Unsatisfied dependency expressed through field 'userAnswerService'; nested exception is org.springframework.beans.factory.UnsatisfiedDependencyException: Error creating bean with name 'userAnswerService' defined in file [C:\Users\zaed_\Documents\GitHub\Projekt\target\classes\com\spring\backend\service\UserAnswerService.class]: Unsatisfied dependency expressed through constructor parameter 5; nested exception is org.springframework.beans.factory.BeanCreationException: Error creating bean with name 'userService': Invocation of init method failed; nested exception is java.lang.RuntimeException: Error: Role is not found.
Caused by: org.springframework.beans.factory.UnsatisfiedDependencyException: Error creating bean with name 'userAnswerService' defined in file [C:\Users\zaed_\Documents\GitHub\Projekt\target\classes\com\spring\backend\service\UserAnswerService.class]: Unsatisfied dependency expressed through constructor parameter 5; nested exception is org.springframework.beans.factory.BeanCreationException: Error creating bean with name 'userService': Invocation of init method failed; nested exception is java.lang.RuntimeException: Error: Role is not found.
Caused by: org.springframework.beans.factory.BeanCreationException: Error creating bean with name 'userService': Invocation of init method failed; nested exception is java.lang.RuntimeException: Error: Role is not found.
Caused by: java.lang.RuntimeException: Error: Role is not found.

findInactiveMonthly  Time elapsed: 0 s  <<< ERROR!
java.lang.IllegalStateException: Failed to load ApplicationContext
Caused by: org.springframework.beans.factory.UnsatisfiedDependencyException: Error creating bean with name 'userAnswerController': Unsatisfied dependency expressed through field 'userAnswerService'; nested exception is org.springframework.beans.factory.UnsatisfiedDependencyException: Error creating bean with name 'userAnswerService' defined in file [C:\Users\zaed_\Documents\GitHub\Projekt\target\classes\com\spring\backend\service\UserAnswerService.class]: Unsatisfied dependency expressed through constructor parameter 5; nested exception is org.springframework.beans.factory.BeanCreationException: Error creating bean with name 'userService': Invocation of init method failed; nested exception is java.lang.RuntimeException: Error: Role is not found.
Caused by: org.springframework.beans.factory.UnsatisfiedDependencyException: Error creating bean with name 'userAnswerService' defined in file [C:\Users\zaed_\Documents\GitHub\Projekt\target\classes\com\spring\backend\service\UserAnswerService.class]: Unsatisfied dependency expressed through constructor parameter 5; nested exception is org.springframework.beans.factory.BeanCreationException: Error creating bean with name 'userService': Invocation of init method failed; nested exception is java.lang.RuntimeException: Error: Role is not found.
Caused by: org.springframework.beans.factory.BeanCreationException: Error creating bean with name 'userService': Invocation of init method failed; nested exception is java.lang.RuntimeException: Error: Role is not found.
Caused by: java.lang.RuntimeException: Error: Role is not found.

getAnswerById  Time elapsed: 0 s  <<< ERROR!
java.lang.IllegalStateException: Failed to load ApplicationContext
Caused by: org.springframework.beans.factory.UnsatisfiedDependencyException: Error creating bean with name 'userAnswerController': Unsatisfied dependency expressed through field 'userAnswerService'; nested exception is org.springframework.beans.factory.UnsatisfiedDependencyException: Error creating bean with name 'userAnswerService' defined in file [C:\Users\zaed_\Documents\GitHub\Projekt\target\classes\com\spring\backend\service\UserAnswerService.class]: Unsatisfied dependency expressed through constructor parameter 5; nested exception is org.springframework.beans.factory.BeanCreationException: Error creating bean with name 'userService': Invocation of init method failed; nested exception is java.lang.RuntimeException: Error: Role is not found.
Caused by: org.springframework.beans.factory.UnsatisfiedDependencyException: Error creating bean with name 'userAnswerService' defined in file [C:\Users\zaed_\Documents\GitHub\Projekt\target\classes\com\spring\backend\service\UserAnswerService.class]: Unsatisfied dependency expressed through constructor parameter 5; nested exception is org.springframework.beans.factory.BeanCreationException: Error creating bean with name 'userService': Invocation of init method failed; nested exception is java.lang.RuntimeException: Error: Role is not found.
Caused by: org.springframework.beans.factory.BeanCreationException: Error creating bean with name 'userService': Invocation of init method failed; nested exception is java.lang.RuntimeException: Error: Role is not found.
Caused by: java.lang.RuntimeException: Error: Role is not found.

getMonthlyById  Time elapsed: 0 s  <<< ERROR!
java.lang.IllegalStateException: Failed to load ApplicationContext
Caused by: org.springframework.beans.factory.UnsatisfiedDependencyException: Error creating bean with name 'userAnswerController': Unsatisfied dependency expressed through field 'userAnswerService'; nested exception is org.springframework.beans.factory.UnsatisfiedDependencyException: Error creating bean with name 'userAnswerService' defined in file [C:\Users\zaed_\Documents\GitHub\Projekt\target\classes\com\spring\backend\service\UserAnswerService.class]: Unsatisfied dependency expressed through constructor parameter 5; nested exception is org.springframework.beans.factory.BeanCreationException: Error creating bean with name 'userService': Invocation of init method failed; nested exception is java.lang.RuntimeException: Error: Role is not found.
Caused by: org.springframework.beans.factory.UnsatisfiedDependencyException: Error creating bean with name 'userAnswerService' defined in file [C:\Users\zaed_\Documents\GitHub\Projekt\target\classes\com\spring\backend\service\UserAnswerService.class]: Unsatisfied dependency expressed through constructor parameter 5; nested exception is org.springframework.beans.factory.BeanCreationException: Error creating bean with name 'userService': Invocation of init method failed; nested exception is java.lang.RuntimeException: Error: Role is not found.
Caused by: org.springframework.beans.factory.BeanCreationException: Error creating bean with name 'userService': Invocation of init method failed; nested exception is java.lang.RuntimeException: Error: Role is not found.
Caused by: java.lang.RuntimeException: Error: Role is not found.

deleteMonthly  Time elapsed: 0 s  <<< ERROR!
java.lang.IllegalStateException: Failed to load ApplicationContext
Caused by: org.springframework.beans.factory.UnsatisfiedDependencyException: Error creating bean with name 'userAnswerController': Unsatisfied dependency expressed through field 'userAnswerService'; nested exception is org.springframework.beans.factory.UnsatisfiedDependencyException: Error creating bean with name 'userAnswerService' defined in file [C:\Users\zaed_\Documents\GitHub\Projekt\target\classes\com\spring\backend\service\UserAnswerService.class]: Unsatisfied dependency expressed through constructor parameter 5; nested exception is org.springframework.beans.factory.BeanCreationException: Error creating bean with name 'userService': Invocation of init method failed; nested exception is java.lang.RuntimeException: Error: Role is not found.
Caused by: org.springframework.beans.factory.UnsatisfiedDependencyException: Error creating bean with name 'userAnswerService' defined in file [C:\Users\zaed_\Documents\GitHub\Projekt\target\classes\com\spring\backend\service\UserAnswerService.class]: Unsatisfied dependency expressed through constructor parameter 5; nested exception is org.springframework.beans.factory.BeanCreationException: Error creating bean with name 'userService': Invocation of init method failed; nested exception is java.lang.RuntimeException: Error: Role is not found.
Caused by: org.springframework.beans.factory.BeanCreationException: Error creating bean with name 'userService': Invocation of init method failed; nested exception is java.lang.RuntimeException: Error: Role is not found.
Caused by: java.lang.RuntimeException: Error: Role is not found.

