-------------------------------------------------------------------------------
Test set: com.spring.backend.controller.DailyControllerTest
-------------------------------------------------------------------------------
Tests run: 6, Failures: 0, Errors: 6, Skipped: 0, Time elapsed: 11.834 s <<< FAILURE! - in com.spring.backend.controller.DailyControllerTest
createNewDaily  Time elapsed: 0.004 s  <<< ERROR!
java.lang.IllegalStateException: Failed to load ApplicationContext
Caused by: org.springframework.beans.factory.UnsatisfiedDependencyException: Error creating bean with name 'userAnswerController': Unsatisfied dependency expressed through field 'userAnswerService'; nested exception is org.springframework.beans.factory.UnsatisfiedDependencyException: Error creating bean with name 'userAnswerService' defined in file [C:\Users\zaed_\Documents\GitHub\Projekt\target\classes\com\spring\backend\service\UserAnswerService.class]: Unsatisfied dependency expressed through constructor parameter 5; nested exception is org.springframework.beans.factory.BeanCreationException: Error creating bean with name 'userService': Invocation of init method failed; nested exception is java.lang.RuntimeException: Error: Role is not found.
Caused by: org.springframework.beans.factory.UnsatisfiedDependencyException: Error creating bean with name 'userAnswerService' defined in file [C:\Users\zaed_\Documents\GitHub\Projekt\target\classes\com\spring\backend\service\UserAnswerService.class]: Unsatisfied dependency expressed through constructor parameter 5; nested exception is org.springframework.beans.factory.BeanCreationException: Error creating bean with name 'userService': Invocation of init method failed; nested exception is java.lang.RuntimeException: Error: Role is not found.
Caused by: org.springframework.beans.factory.BeanCreationException: Error creating bean with name 'userService': Invocation of init method failed; nested exception is java.lang.RuntimeException: Error: Role is not found.
Caused by: java.lang.RuntimeException: Error: Role is not found.

findInactiveDailys  Time elapsed: 0 s  <<< ERROR!
java.lang.IllegalStateException: Failed to load ApplicationContext
Caused by: org.springframework.beans.factory.UnsatisfiedDependencyException: Error creating bean with name 'userAnswerController': Unsatisfied dependency expressed through field 'userAnswerService'; nested exception is org.springframework.beans.factory.UnsatisfiedDependencyException: Error creating bean with name 'userAnswerService' defined in file [C:\Users\zaed_\Documents\GitHub\Projekt\target\classes\com\spring\backend\service\UserAnswerService.class]: Unsatisfied dependency expressed through constructor parameter 5; nested exception is org.springframework.beans.factory.BeanCreationException: Error creating bean with name 'userService': Invocation of init method failed; nested exception is java.lang.RuntimeException: Error: Role is not found.
Caused by: org.springframework.beans.factory.UnsatisfiedDependencyException: Error creating bean with name 'userAnswerService' defined in file [C:\Users\zaed_\Documents\GitHub\Projekt\target\classes\com\spring\backend\service\UserAnswerService.class]: Unsatisfied dependency expressed through constructor parameter 5; nested exception is org.springframework.beans.factory.BeanCreationException: Error creating bean with name 'userService': Invocation of init method failed; nested exception is java.lang.RuntimeException: Error: Role is not found.
Caused by: org.springframework.beans.factory.BeanCreationException: Error creating bean with name 'userService': Invocation of init method failed; nested exception is java.lang.RuntimeException: Error: Role is not found.
Caused by: java.lang.RuntimeException: Error: Role is not found.

getDailyById  Time elapsed: 0 s  <<< ERROR!
java.lang.IllegalStateException: Failed to load ApplicationContext
Caused by: org.springframework.beans.factory.UnsatisfiedDependencyException: Error creating bean with name 'userAnswerController': Unsatisfied dependency expressed through field 'userAnswerService'; nested exception is org.springframework.beans.factory.UnsatisfiedDependencyException: Error creating bean with name 'userAnswerService' defined in file [C:\Users\zaed_\Documents\GitHub\Projekt\target\classes\com\spring\backend\service\UserAnswerService.class]: Unsatisfied dependency expressed through constructor parameter 5; nested exception is org.springframework.beans.factory.BeanCreationException: Error creating bean with name 'userService': Invocation of init method failed; nested exception is java.lang.RuntimeException: Error: Role is not found.
Caused by: org.springframework.beans.factory.UnsatisfiedDependencyException: Error creating bean with name 'userAnswerService' defined in file [C:\Users\zaed_\Documents\GitHub\Projekt\target\classes\com\spring\backend\service\UserAnswerService.class]: Unsatisfied dependency expressed through constructor parameter 5; nested exception is org.springframework.beans.factory.BeanCreationException: Error creating bean with name 'userService': Invocation of init method failed; nested exception is java.lang.RuntimeException: Error: Role is not found.
Caused by: org.springframework.beans.factory.BeanCreationException: Error creating bean with name 'userService': Invocation of init method failed; nested exception is java.lang.RuntimeException: Error: Role is not found.
Caused by: java.lang.RuntimeException: Error: Role is not found.

findActiveDaily  Time elapsed: 0 s  <<< ERROR!
java.lang.IllegalStateException: Failed to load ApplicationContext
Caused by: org.springframework.beans.factory.UnsatisfiedDependencyException: Error creating bean with name 'userAnswerController': Unsatisfied dependency expressed through field 'userAnswerService'; nested exception is org.springframework.beans.factory.UnsatisfiedDependencyException: Error creating bean with name 'userAnswerService' defined in file [C:\Users\zaed_\Documents\GitHub\Projekt\target\classes\com\spring\backend\service\UserAnswerService.class]: Unsatisfied dependency expressed through constructor parameter 5; nested exception is org.springframework.beans.factory.BeanCreationException: Error creating bean with name 'userService': Invocation of init method failed; nested exception is java.lang.RuntimeException: Error: Role is not found.
Caused by: org.springframework.beans.factory.UnsatisfiedDependencyException: Error creating bean with name 'userAnswerService' defined in file [C:\Users\zaed_\Documents\GitHub\Projekt\target\classes\com\spring\backend\service\UserAnswerService.class]: Unsatisfied dependency expressed through constructor parameter 5; nested exception is org.springframework.beans.factory.BeanCreationException: Error creating bean with name 'userService': Invocation of init method failed; nested exception is java.lang.RuntimeException: Error: Role is not found.
Caused by: org.springframework.beans.factory.BeanCreationException: Error creating bean with name 'userService': Invocation of init method failed; nested exception is java.lang.RuntimeException: Error: Role is not found.
Caused by: java.lang.RuntimeException: Error: Role is not found.

DeleteDaily  Time elapsed: 0 s  <<< ERROR!
java.lang.IllegalStateException: Failed to load ApplicationContext
Caused by: org.springframework.beans.factory.UnsatisfiedDependencyException: Error creating bean with name 'userAnswerController': Unsatisfied dependency expressed through field 'userAnswerService'; nested exception is org.springframework.beans.factory.UnsatisfiedDependencyException: Error creating bean with name 'userAnswerService' defined in file [C:\Users\zaed_\Documents\GitHub\Projekt\target\classes\com\spring\backend\service\UserAnswerService.class]: Unsatisfied dependency expressed through constructor parameter 5; nested exception is org.springframework.beans.factory.BeanCreationException: Error creating bean with name 'userService': Invocation of init method failed; nested exception is java.lang.RuntimeException: Error: Role is not found.
Caused by: org.springframework.beans.factory.UnsatisfiedDependencyException: Error creating bean with name 'userAnswerService' defined in file [C:\Users\zaed_\Documents\GitHub\Projekt\target\classes\com\spring\backend\service\UserAnswerService.class]: Unsatisfied dependency expressed through constructor parameter 5; nested exception is org.springframework.beans.factory.BeanCreationException: Error creating bean with name 'userService': Invocation of init method failed; nested exception is java.lang.RuntimeException: Error: Role is not found.
Caused by: org.springframework.beans.factory.BeanCreationException: Error creating bean with name 'userService': Invocation of init method failed; nested exception is java.lang.RuntimeException: Error: Role is not found.
Caused by: java.lang.RuntimeException: Error: Role is not found.

getDaily  Time elapsed: 0 s  <<< ERROR!
java.lang.IllegalStateException: Failed to load ApplicationContext
Caused by: org.springframework.beans.factory.UnsatisfiedDependencyException: Error creating bean with name 'userAnswerController': Unsatisfied dependency expressed through field 'userAnswerService'; nested exception is org.springframework.beans.factory.UnsatisfiedDependencyException: Error creating bean with name 'userAnswerService' defined in file [C:\Users\zaed_\Documents\GitHub\Projekt\target\classes\com\spring\backend\service\UserAnswerService.class]: Unsatisfied dependency expressed through constructor parameter 5; nested exception is org.springframework.beans.factory.BeanCreationException: Error creating bean with name 'userService': Invocation of init method failed; nested exception is java.lang.RuntimeException: Error: Role is not found.
Caused by: org.springframework.beans.factory.UnsatisfiedDependencyException: Error creating bean with name 'userAnswerService' defined in file [C:\Users\zaed_\Documents\GitHub\Projekt\target\classes\com\spring\backend\service\UserAnswerService.class]: Unsatisfied dependency expressed through constructor parameter 5; nested exception is org.springframework.beans.factory.BeanCreationException: Error creating bean with name 'userService': Invocation of init method failed; nested exception is java.lang.RuntimeException: Error: Role is not found.
Caused by: org.springframework.beans.factory.BeanCreationException: Error creating bean with name 'userService': Invocation of init method failed; nested exception is java.lang.RuntimeException: Error: Role is not found.
Caused by: java.lang.RuntimeException: Error: Role is not found.

