-------------------------------------------------------------------------------
Test set: com.spring.backend.controller.ScoreBoardControllerTest
-------------------------------------------------------------------------------
Tests run: 6, Failures: 0, Errors: 4, Skipped: 0, Time elapsed: 16.182 s <<< FAILURE! - in com.spring.backend.controller.ScoreBoardControllerTest
modifyScoreboardDaily  Time elapsed: 0.177 s  <<< ERROR!
com.spring.backend.exceptions.ResourceNotFoundException
	at com.spring.backend.controller.ScoreBoardControllerTest.modifyScoreboardDaily(ScoreBoardControllerTest.java:72)

modifyScoreboardMonthly  Time elapsed: 0.364 s  <<< ERROR!
org.springframework.dao.DataIntegrityViolationException: 
could not execute statement; SQL [n/a]; constraint ["PUBLIC.UKSB8BBOUER5WAK8VYIIY4PF2BX_INDEX_2 ON PUBLIC.USER(USERNAME) VALUES 3"; SQL statement:
insert into user (id, email, password, username) values (default, ?, ?, ?) [23505-200]]; nested exception is org.hibernate.exception.ConstraintViolationException: could not execute statement
	at com.spring.backend.controller.ScoreBoardControllerTest.modifyScoreboardMonthly(ScoreBoardControllerTest.java:87)
Caused by: org.hibernate.exception.ConstraintViolationException: could not execute statement
	at com.spring.backend.controller.ScoreBoardControllerTest.modifyScoreboardMonthly(ScoreBoardControllerTest.java:87)
Caused by: org.h2.jdbc.JdbcSQLIntegrityConstraintViolationException: 
Unique index or primary key violation: "PUBLIC.UKSB8BBOUER5WAK8VYIIY4PF2BX_INDEX_2 ON PUBLIC.USER(USERNAME) VALUES 3"; SQL statement:
insert into user (id, email, password, username) values (default, ?, ?, ?) [23505-200]
	at com.spring.backend.controller.ScoreBoardControllerTest.modifyScoreboardMonthly(ScoreBoardControllerTest.java:87)

addScoreboard  Time elapsed: 0.001 s  <<< ERROR!
org.springframework.dao.DataIntegrityViolationException: 
could not execute statement; SQL [n/a]; constraint ["PUBLIC.UKSB8BBOUER5WAK8VYIIY4PF2BX_INDEX_2 ON PUBLIC.USER(USERNAME) VALUES 3"; SQL statement:
insert into user (id, email, password, username) values (default, ?, ?, ?) [23505-200]]; nested exception is org.hibernate.exception.ConstraintViolationException: could not execute statement
	at com.spring.backend.controller.ScoreBoardControllerTest.addScoreboard(ScoreBoardControllerTest.java:57)
Caused by: org.hibernate.exception.ConstraintViolationException: could not execute statement
	at com.spring.backend.controller.ScoreBoardControllerTest.addScoreboard(ScoreBoardControllerTest.java:57)
Caused by: org.h2.jdbc.JdbcSQLIntegrityConstraintViolationException: 
Unique index or primary key violation: "PUBLIC.UKSB8BBOUER5WAK8VYIIY4PF2BX_INDEX_2 ON PUBLIC.USER(USERNAME) VALUES 3"; SQL statement:
insert into user (id, email, password, username) values (default, ?, ?, ?) [23505-200]
	at com.spring.backend.controller.ScoreBoardControllerTest.addScoreboard(ScoreBoardControllerTest.java:57)

getUserScoreboard  Time elapsed: 0.037 s  <<< ERROR!
org.springframework.dao.DataIntegrityViolationException: 
could not execute statement; SQL [n/a]; constraint ["PUBLIC.UKSB8BBOUER5WAK8VYIIY4PF2BX_INDEX_2 ON PUBLIC.USER(USERNAME) VALUES 3"; SQL statement:
insert into user (id, email, password, username) values (default, ?, ?, ?) [23505-200]]; nested exception is org.hibernate.exception.ConstraintViolationException: could not execute statement
	at com.spring.backend.controller.ScoreBoardControllerTest.getUserScoreboard(ScoreBoardControllerTest.java:64)
Caused by: org.hibernate.exception.ConstraintViolationException: could not execute statement
	at com.spring.backend.controller.ScoreBoardControllerTest.getUserScoreboard(ScoreBoardControllerTest.java:64)
Caused by: org.h2.jdbc.JdbcSQLIntegrityConstraintViolationException: 
Unique index or primary key violation: "PUBLIC.UKSB8BBOUER5WAK8VYIIY4PF2BX_INDEX_2 ON PUBLIC.USER(USERNAME) VALUES 3"; SQL statement:
insert into user (id, email, password, username) values (default, ?, ?, ?) [23505-200]
	at com.spring.backend.controller.ScoreBoardControllerTest.getUserScoreboard(ScoreBoardControllerTest.java:64)

