-------------------------------------------------------------------------------
Test set: com.spring.backend.controller.WeeklyControllerTest
-------------------------------------------------------------------------------
Tests run: 5, Failures: 0, Errors: 5, Skipped: 0, Time elapsed: 9.789 s <<< FAILURE! - in com.spring.backend.controller.WeeklyControllerTest
createNewWeekly  Time elapsed: 0.001 s  <<< ERROR!
java.lang.IllegalStateException: Failed to load ApplicationContext
Caused by: org.springframework.beans.factory.UnsatisfiedDependencyException: Error creating bean with name 'userAnswerController': Unsatisfied dependency expressed through field 'userAnswerService'; nested exception is org.springframework.beans.factory.UnsatisfiedDependencyException: Error creating bean with name 'userAnswerService' defined in file [C:\Users\zaed_\Documents\GitHub\Projekt\target\classes\com\spring\backend\service\UserAnswerService.class]: Unsatisfied dependency expressed through constructor parameter 5; nested exception is org.springframework.beans.factory.BeanCreationException: Error creating bean with name 'userService': Invocation of init method failed; nested exception is java.lang.RuntimeException: Error: Role is not found.
Caused by: org.springframework.beans.factory.UnsatisfiedDependencyException: Error creating bean with name 'userAnswerService' defined in file [C:\Users\zaed_\Documents\GitHub\Projekt\target\classes\com\spring\backend\service\UserAnswerService.class]: Unsatisfied dependency expressed through constructor parameter 5; nested exception is org.springframework.beans.factory.BeanCreationException: Error creating bean with name 'userService': Invocation of init method failed; nested exception is java.lang.RuntimeException: Error: Role is not found.
Caused by: org.springframework.beans.factory.BeanCreationException: Error creating bean with name 'userService': Invocation of init method failed; nested exception is java.lang.RuntimeException: Error: Role is not found.
Caused by: java.lang.RuntimeException: Error: Role is not found.

getWeeklyById  Time elapsed: 0 s  <<< ERROR!
java.lang.IllegalStateException: Failed to load ApplicationContext
Caused by: org.springframework.beans.factory.UnsatisfiedDependencyException: Error creating bean with name 'userAnswerController': Unsatisfied dependency expressed through field 'userAnswerService'; nested exception is org.springframework.beans.factory.UnsatisfiedDependencyException: Error creating bean with name 'userAnswerService' defined in file [C:\Users\zaed_\Documents\GitHub\Projekt\target\classes\com\spring\backend\service\UserAnswerService.class]: Unsatisfied dependency expressed through constructor parameter 5; nested exception is org.springframework.beans.factory.BeanCreationException: Error creating bean with name 'userService': Invocation of init method failed; nested exception is java.lang.RuntimeException: Error: Role is not found.
Caused by: org.springframework.beans.factory.UnsatisfiedDependencyException: Error creating bean with name 'userAnswerService' defined in file [C:\Users\zaed_\Documents\GitHub\Projekt\target\classes\com\spring\backend\service\UserAnswerService.class]: Unsatisfied dependency expressed through constructor parameter 5; nested exception is org.springframework.beans.factory.BeanCreationException: Error creating bean with name 'userService': Invocation of init method failed; nested exception is java.lang.RuntimeException: Error: Role is not found.
Caused by: org.springframework.beans.factory.BeanCreationException: Error creating bean with name 'userService': Invocation of init method failed; nested exception is java.lang.RuntimeException: Error: Role is not found.
Caused by: java.lang.RuntimeException: Error: Role is not found.

deleteWeekly  Time elapsed: 0.002 s  <<< ERROR!
java.lang.IllegalStateException: Failed to load ApplicationContext
Caused by: org.springframework.beans.factory.UnsatisfiedDependencyException: Error creating bean with name 'userAnswerController': Unsatisfied dependency expressed through field 'userAnswerService'; nested exception is org.springframework.beans.factory.UnsatisfiedDependencyException: Error creating bean with name 'userAnswerService' defined in file [C:\Users\zaed_\Documents\GitHub\Projekt\target\classes\com\spring\backend\service\UserAnswerService.class]: Unsatisfied dependency expressed through constructor parameter 5; nested exception is org.springframework.beans.factory.BeanCreationException: Error creating bean with name 'userService': Invocation of init method failed; nested exception is java.lang.RuntimeException: Error: Role is not found.
Caused by: org.springframework.beans.factory.UnsatisfiedDependencyException: Error creating bean with name 'userAnswerService' defined in file [C:\Users\zaed_\Documents\GitHub\Projekt\target\classes\com\spring\backend\service\UserAnswerService.class]: Unsatisfied dependency expressed through constructor parameter 5; nested exception is org.springframework.beans.factory.BeanCreationException: Error creating bean with name 'userService': Invocation of init method failed; nested exception is java.lang.RuntimeException: Error: Role is not found.
Caused by: org.springframework.beans.factory.BeanCreationException: Error creating bean with name 'userService': Invocation of init method failed; nested exception is java.lang.RuntimeException: Error: Role is not found.
Caused by: java.lang.RuntimeException: Error: Role is not found.

getAllWeekly  Time elapsed: 0 s  <<< ERROR!
java.lang.IllegalStateException: Failed to load ApplicationContext
Caused by: org.springframework.beans.factory.UnsatisfiedDependencyException: Error creating bean with name 'userAnswerController': Unsatisfied dependency expressed through field 'userAnswerService'; nested exception is org.springframework.beans.factory.UnsatisfiedDependencyException: Error creating bean with name 'userAnswerService' defined in file [C:\Users\zaed_\Documents\GitHub\Projekt\target\classes\com\spring\backend\service\UserAnswerService.class]: Unsatisfied dependency expressed through constructor parameter 5; nested exception is org.springframework.beans.factory.BeanCreationException: Error creating bean with name 'userService': Invocation of init method failed; nested exception is java.lang.RuntimeException: Error: Role is not found.
Caused by: org.springframework.beans.factory.UnsatisfiedDependencyException: Error creating bean with name 'userAnswerService' defined in file [C:\Users\zaed_\Documents\GitHub\Projekt\target\classes\com\spring\backend\service\UserAnswerService.class]: Unsatisfied dependency expressed through constructor parameter 5; nested exception is org.springframework.beans.factory.BeanCreationException: Error creating bean with name 'userService': Invocation of init method failed; nested exception is java.lang.RuntimeException: Error: Role is not found.
Caused by: org.springframework.beans.factory.BeanCreationException: Error creating bean with name 'userService': Invocation of init method failed; nested exception is java.lang.RuntimeException: Error: Role is not found.
Caused by: java.lang.RuntimeException: Error: Role is not found.

getTodayWeekly  Time elapsed: 0.001 s  <<< ERROR!
java.lang.IllegalStateException: Failed to load ApplicationContext
Caused by: org.springframework.beans.factory.UnsatisfiedDependencyException: Error creating bean with name 'userAnswerController': Unsatisfied dependency expressed through field 'userAnswerService'; nested exception is org.springframework.beans.factory.UnsatisfiedDependencyException: Error creating bean with name 'userAnswerService' defined in file [C:\Users\zaed_\Documents\GitHub\Projekt\target\classes\com\spring\backend\service\UserAnswerService.class]: Unsatisfied dependency expressed through constructor parameter 5; nested exception is org.springframework.beans.factory.BeanCreationException: Error creating bean with name 'userService': Invocation of init method failed; nested exception is java.lang.RuntimeException: Error: Role is not found.
Caused by: org.springframework.beans.factory.UnsatisfiedDependencyException: Error creating bean with name 'userAnswerService' defined in file [C:\Users\zaed_\Documents\GitHub\Projekt\target\classes\com\spring\backend\service\UserAnswerService.class]: Unsatisfied dependency expressed through constructor parameter 5; nested exception is org.springframework.beans.factory.BeanCreationException: Error creating bean with name 'userService': Invocation of init method failed; nested exception is java.lang.RuntimeException: Error: Role is not found.
Caused by: org.springframework.beans.factory.BeanCreationException: Error creating bean with name 'userService': Invocation of init method failed; nested exception is java.lang.RuntimeException: Error: Role is not found.
Caused by: java.lang.RuntimeException: Error: Role is not found.

