-------------------------------------------------------------------------------
Test set: com.spring.backend.controller.WeeklyControllerTest
-------------------------------------------------------------------------------
Tests run: 4, Failures: 0, Errors: 4, Skipped: 0, Time elapsed: 1.68 s <<< FAILURE! - in com.spring.backend.controller.WeeklyControllerTest
createNewWeekly  Time elapsed: 0 s  <<< ERROR!
java.lang.IllegalStateException: Failed to load ApplicationContext
Caused by: org.springframework.beans.factory.UnsatisfiedDependencyException: Error creating bean with name 'scoreBoardController': Unsatisfied dependency expressed through field 'scoreBoardService'; nested exception is org.springframework.beans.factory.UnsatisfiedDependencyException: Error creating bean with name 'scoreBoardService' defined in file [/home/redvea/Koder/Java/Projekt/target/classes/com/spring/backend/service/ScoreBoardService.class]: Unsatisfied dependency expressed through constructor parameter 0; nested exception is org.springframework.beans.factory.BeanCreationException: Error creating bean with name 'scoreboardRepository' defined in com.spring.backend.repository.ScoreboardRepository defined in @EnableJpaRepositories declared on JpaRepositoriesRegistrar.EnableJpaRepositoriesConfiguration: Invocation of init method failed; nested exception is java.lang.IllegalArgumentException: This class [class com.spring.backend.model.Scoreboard] does not define an IdClass
Caused by: org.springframework.beans.factory.UnsatisfiedDependencyException: Error creating bean with name 'scoreBoardService' defined in file [/home/redvea/Koder/Java/Projekt/target/classes/com/spring/backend/service/ScoreBoardService.class]: Unsatisfied dependency expressed through constructor parameter 0; nested exception is org.springframework.beans.factory.BeanCreationException: Error creating bean with name 'scoreboardRepository' defined in com.spring.backend.repository.ScoreboardRepository defined in @EnableJpaRepositories declared on JpaRepositoriesRegistrar.EnableJpaRepositoriesConfiguration: Invocation of init method failed; nested exception is java.lang.IllegalArgumentException: This class [class com.spring.backend.model.Scoreboard] does not define an IdClass
Caused by: org.springframework.beans.factory.BeanCreationException: Error creating bean with name 'scoreboardRepository' defined in com.spring.backend.repository.ScoreboardRepository defined in @EnableJpaRepositories declared on JpaRepositoriesRegistrar.EnableJpaRepositoriesConfiguration: Invocation of init method failed; nested exception is java.lang.IllegalArgumentException: This class [class com.spring.backend.model.Scoreboard] does not define an IdClass
Caused by: java.lang.IllegalArgumentException: This class [class com.spring.backend.model.Scoreboard] does not define an IdClass

getWeeklyById  Time elapsed: 0 s  <<< ERROR!
java.lang.IllegalStateException: Failed to load ApplicationContext
Caused by: org.springframework.beans.factory.UnsatisfiedDependencyException: Error creating bean with name 'scoreBoardController': Unsatisfied dependency expressed through field 'scoreBoardService'; nested exception is org.springframework.beans.factory.UnsatisfiedDependencyException: Error creating bean with name 'scoreBoardService' defined in file [/home/redvea/Koder/Java/Projekt/target/classes/com/spring/backend/service/ScoreBoardService.class]: Unsatisfied dependency expressed through constructor parameter 0; nested exception is org.springframework.beans.factory.BeanCreationException: Error creating bean with name 'scoreboardRepository' defined in com.spring.backend.repository.ScoreboardRepository defined in @EnableJpaRepositories declared on JpaRepositoriesRegistrar.EnableJpaRepositoriesConfiguration: Invocation of init method failed; nested exception is java.lang.IllegalArgumentException: This class [class com.spring.backend.model.Scoreboard] does not define an IdClass
Caused by: org.springframework.beans.factory.UnsatisfiedDependencyException: Error creating bean with name 'scoreBoardService' defined in file [/home/redvea/Koder/Java/Projekt/target/classes/com/spring/backend/service/ScoreBoardService.class]: Unsatisfied dependency expressed through constructor parameter 0; nested exception is org.springframework.beans.factory.BeanCreationException: Error creating bean with name 'scoreboardRepository' defined in com.spring.backend.repository.ScoreboardRepository defined in @EnableJpaRepositories declared on JpaRepositoriesRegistrar.EnableJpaRepositoriesConfiguration: Invocation of init method failed; nested exception is java.lang.IllegalArgumentException: This class [class com.spring.backend.model.Scoreboard] does not define an IdClass
Caused by: org.springframework.beans.factory.BeanCreationException: Error creating bean with name 'scoreboardRepository' defined in com.spring.backend.repository.ScoreboardRepository defined in @EnableJpaRepositories declared on JpaRepositoriesRegistrar.EnableJpaRepositoriesConfiguration: Invocation of init method failed; nested exception is java.lang.IllegalArgumentException: This class [class com.spring.backend.model.Scoreboard] does not define an IdClass
Caused by: java.lang.IllegalArgumentException: This class [class com.spring.backend.model.Scoreboard] does not define an IdClass

deleteWeekly  Time elapsed: 0.001 s  <<< ERROR!
java.lang.IllegalStateException: Failed to load ApplicationContext
Caused by: org.springframework.beans.factory.UnsatisfiedDependencyException: Error creating bean with name 'scoreBoardController': Unsatisfied dependency expressed through field 'scoreBoardService'; nested exception is org.springframework.beans.factory.UnsatisfiedDependencyException: Error creating bean with name 'scoreBoardService' defined in file [/home/redvea/Koder/Java/Projekt/target/classes/com/spring/backend/service/ScoreBoardService.class]: Unsatisfied dependency expressed through constructor parameter 0; nested exception is org.springframework.beans.factory.BeanCreationException: Error creating bean with name 'scoreboardRepository' defined in com.spring.backend.repository.ScoreboardRepository defined in @EnableJpaRepositories declared on JpaRepositoriesRegistrar.EnableJpaRepositoriesConfiguration: Invocation of init method failed; nested exception is java.lang.IllegalArgumentException: This class [class com.spring.backend.model.Scoreboard] does not define an IdClass
Caused by: org.springframework.beans.factory.UnsatisfiedDependencyException: Error creating bean with name 'scoreBoardService' defined in file [/home/redvea/Koder/Java/Projekt/target/classes/com/spring/backend/service/ScoreBoardService.class]: Unsatisfied dependency expressed through constructor parameter 0; nested exception is org.springframework.beans.factory.BeanCreationException: Error creating bean with name 'scoreboardRepository' defined in com.spring.backend.repository.ScoreboardRepository defined in @EnableJpaRepositories declared on JpaRepositoriesRegistrar.EnableJpaRepositoriesConfiguration: Invocation of init method failed; nested exception is java.lang.IllegalArgumentException: This class [class com.spring.backend.model.Scoreboard] does not define an IdClass
Caused by: org.springframework.beans.factory.BeanCreationException: Error creating bean with name 'scoreboardRepository' defined in com.spring.backend.repository.ScoreboardRepository defined in @EnableJpaRepositories declared on JpaRepositoriesRegistrar.EnableJpaRepositoriesConfiguration: Invocation of init method failed; nested exception is java.lang.IllegalArgumentException: This class [class com.spring.backend.model.Scoreboard] does not define an IdClass
Caused by: java.lang.IllegalArgumentException: This class [class com.spring.backend.model.Scoreboard] does not define an IdClass

getAllWeekly  Time elapsed: 0.001 s  <<< ERROR!
java.lang.IllegalStateException: Failed to load ApplicationContext
Caused by: org.springframework.beans.factory.UnsatisfiedDependencyException: Error creating bean with name 'scoreBoardController': Unsatisfied dependency expressed through field 'scoreBoardService'; nested exception is org.springframework.beans.factory.UnsatisfiedDependencyException: Error creating bean with name 'scoreBoardService' defined in file [/home/redvea/Koder/Java/Projekt/target/classes/com/spring/backend/service/ScoreBoardService.class]: Unsatisfied dependency expressed through constructor parameter 0; nested exception is org.springframework.beans.factory.BeanCreationException: Error creating bean with name 'scoreboardRepository' defined in com.spring.backend.repository.ScoreboardRepository defined in @EnableJpaRepositories declared on JpaRepositoriesRegistrar.EnableJpaRepositoriesConfiguration: Invocation of init method failed; nested exception is java.lang.IllegalArgumentException: This class [class com.spring.backend.model.Scoreboard] does not define an IdClass
Caused by: org.springframework.beans.factory.UnsatisfiedDependencyException: Error creating bean with name 'scoreBoardService' defined in file [/home/redvea/Koder/Java/Projekt/target/classes/com/spring/backend/service/ScoreBoardService.class]: Unsatisfied dependency expressed through constructor parameter 0; nested exception is org.springframework.beans.factory.BeanCreationException: Error creating bean with name 'scoreboardRepository' defined in com.spring.backend.repository.ScoreboardRepository defined in @EnableJpaRepositories declared on JpaRepositoriesRegistrar.EnableJpaRepositoriesConfiguration: Invocation of init method failed; nested exception is java.lang.IllegalArgumentException: This class [class com.spring.backend.model.Scoreboard] does not define an IdClass
Caused by: org.springframework.beans.factory.BeanCreationException: Error creating bean with name 'scoreboardRepository' defined in com.spring.backend.repository.ScoreboardRepository defined in @EnableJpaRepositories declared on JpaRepositoriesRegistrar.EnableJpaRepositoriesConfiguration: Invocation of init method failed; nested exception is java.lang.IllegalArgumentException: This class [class com.spring.backend.model.Scoreboard] does not define an IdClass
Caused by: java.lang.IllegalArgumentException: This class [class com.spring.backend.model.Scoreboard] does not define an IdClass

