<?xml version="1.0" encoding="UTF-8"?>
<testsuite xmlns:xsi="http://www.w3.org/2001/XMLSchema-instance" xsi:noNamespaceSchemaLocation="https://maven.apache.org/surefire/maven-surefire-plugin/xsd/surefire-test-report.xsd" name="com.spring.backend.controller.ScoreBoardControllerTest" time="16.182" tests="6" errors="4" skipped="0" failures="0">
  <properties>
[...]
</properties>
  <testcase name="modifyScoreboardWeekly" classname="com.spring.backend.controller.ScoreBoardControllerTest" time="7.281"/>
  <testcase name="modifyScoreboardDaily" classname="com.spring.backend.controller.ScoreBoardControllerTest" time="0.177">
    <error type="com.spring.backend.exceptions.ResourceNotFoundException">com.spring.backend.exceptions.ResourceNotFoundException
	at com.spring.backend.controller.ScoreBoardControllerTest.modifyScoreboardDaily(ScoreBoardControllerTest.java:72)
</error>
    <system-out><![CDATA[2022-05-28 20:31:30.803  INFO 18256 --- [           main] o.s.t.c.transaction.TransactionContext   : Began transaction (1) for test context [DefaultTestContext@27d4a09 testClass = ScoreBoardControllerTest, testInstance = com.spring.backend.controller.ScoreBoardControllerTest@e763080, testMethod = modifyScoreboardDaily@ScoreBoardControllerTest, testException = [null], mergedContextConfiguration = [WebMergedContextConfiguration@7e4204e2 testClass = ScoreBoardControllerTest, locations = '{}', classes = '{class com.spring.backend.backendApplication}', contextInitializerClasses = '[]', activeProfiles = '{test}', propertySourceLocations = '{}', propertySourceProperties = '{org.springframework.boot.test.context.SpringBootTestContextBootstrapper=true}', contextCustomizers = set[org.springframework.boot.test.autoconfigure.actuate.metrics.MetricsExportContextCustomizerFactory$DisableMetricExportContextCustomizer@741a8937, org.springframework.boot.test.autoconfigure.properties.PropertyMappingContextCustomizer@0, org.springframework.boot.test.autoconfigure.web.servlet.WebDriverContextCustomizerFactory$Customizer@53ce1329, org.springframework.boot.test.context.filter.ExcludeFilterContextCustomizer@67f639d3, org.springframework.boot.test.json.DuplicateJsonObjectContextCustomizerFactory$DuplicateJsonObjectContextCustomizer@71a8adcf, org.springframework.boot.test.mock.mockito.MockitoContextCustomizer@0, org.springframework.boot.test.web.client.TestRestTemplateContextCustomizer@13fd2ccd, org.springframework.boot.test.context.SpringBootTestArgs@1, org.springframework.boot.test.context.SpringBootTestWebEnvironment@491cc5c9], resourceBasePath = 'src/main/webapp', contextLoader = 'org.springframework.boot.test.context.SpringBootContextLoader', parent = [null]], attributes = map['org.springframework.test.context.web.ServletTestExecutionListener.activateListener' -> true, 'org.springframework.test.context.web.ServletTestExecutionListener.populatedRequestContextHolder' -> true, 'org.springframework.test.context.web.ServletTestExecutionListener.resetRequestContextHolder' -> true, 'org.springframework.test.context.event.ApplicationEventsTestExecutionListener.recordApplicationEvents' -> false]]; transaction manager [org.springframework.orm.jpa.JpaTransactionManager@ca2a03f]; rollback [true]
2022-05-28 20:31:30.829  INFO 18256 --- [           main] o.s.t.c.transaction.TransactionContext   : Rolled back transaction for test: [DefaultTestContext@27d4a09 testClass = ScoreBoardControllerTest, testInstance = com.spring.backend.controller.ScoreBoardControllerTest@e763080, testMethod = modifyScoreboardDaily@ScoreBoardControllerTest, testException = com.spring.backend.exceptions.ResourceNotFoundException, mergedContextConfiguration = [WebMergedContextConfiguration@7e4204e2 testClass = ScoreBoardControllerTest, locations = '{}', classes = '{class com.spring.backend.backendApplication}', contextInitializerClasses = '[]', activeProfiles = '{test}', propertySourceLocations = '{}', propertySourceProperties = '{org.springframework.boot.test.context.SpringBootTestContextBootstrapper=true}', contextCustomizers = set[org.springframework.boot.test.autoconfigure.actuate.metrics.MetricsExportContextCustomizerFactory$DisableMetricExportContextCustomizer@741a8937, org.springframework.boot.test.autoconfigure.properties.PropertyMappingContextCustomizer@0, org.springframework.boot.test.autoconfigure.web.servlet.WebDriverContextCustomizerFactory$Customizer@53ce1329, org.springframework.boot.test.context.filter.ExcludeFilterContextCustomizer@67f639d3, org.springframework.boot.test.json.DuplicateJsonObjectContextCustomizerFactory$DuplicateJsonObjectContextCustomizer@71a8adcf, org.springframework.boot.test.mock.mockito.MockitoContextCustomizer@0, org.springframework.boot.test.web.client.TestRestTemplateContextCustomizer@13fd2ccd, org.springframework.boot.test.context.SpringBootTestArgs@1, org.springframework.boot.test.context.SpringBootTestWebEnvironment@491cc5c9], resourceBasePath = 'src/main/webapp', contextLoader = 'org.springframework.boot.test.context.SpringBootContextLoader', parent = [null]], attributes = map['org.springframework.test.context.web.ServletTestExecutionListener.activateListener' -> true, 'org.springframework.test.context.web.ServletTestExecutionListener.populatedRequestContextHolder' -> true, 'org.springframework.test.context.web.ServletTestExecutionListener.resetRequestContextHolder' -> true, 'org.springframework.test.context.event.ApplicationEventsTestExecutionListener.recordApplicationEvents' -> false]]
]]></system-out>
  </testcase>
  <testcase name="getAllScoreboard" classname="com.spring.backend.controller.ScoreBoardControllerTest" time="0"/>
  <testcase name="modifyScoreboardMonthly" classname="com.spring.backend.controller.ScoreBoardControllerTest" time="0.364">
    <error message="could not execute statement; SQL [n/a]; constraint [&quot;PUBLIC.UKSB8BBOUER5WAK8VYIIY4PF2BX_INDEX_2 ON PUBLIC.USER(USERNAME) VALUES 3&quot;; SQL statement:&#10;insert into user (id, email, password, username) values (default, ?, ?, ?) [23505-200]]; nested exception is org.hibernate.exception.ConstraintViolationException: could not execute statement" type="org.springframework.dao.DataIntegrityViolationException">org.springframework.dao.DataIntegrityViolationException: 
could not execute statement; SQL [n/a]; constraint ["PUBLIC.UKSB8BBOUER5WAK8VYIIY4PF2BX_INDEX_2 ON PUBLIC.USER(USERNAME) VALUES 3"; SQL statement:
insert into user (id, email, password, username) values (default, ?, ?, ?) [23505-200]]; nested exception is org.hibernate.exception.ConstraintViolationException: could not execute statement
	at com.spring.backend.controller.ScoreBoardControllerTest.modifyScoreboardMonthly(ScoreBoardControllerTest.java:87)
Caused by: org.hibernate.exception.ConstraintViolationException: could not execute statement
	at com.spring.backend.controller.ScoreBoardControllerTest.modifyScoreboardMonthly(ScoreBoardControllerTest.java:87)
Caused by: org.h2.jdbc.JdbcSQLIntegrityConstraintViolationException: 
Unique index or primary key violation: "PUBLIC.UKSB8BBOUER5WAK8VYIIY4PF2BX_INDEX_2 ON PUBLIC.USER(USERNAME) VALUES 3"; SQL statement:
insert into user (id, email, password, username) values (default, ?, ?, ?) [23505-200]
	at com.spring.backend.controller.ScoreBoardControllerTest.modifyScoreboardMonthly(ScoreBoardControllerTest.java:87)
</error>
    <system-out><![CDATA[2022-05-28 20:31:31.061  INFO 18256 --- [           main] o.s.t.c.transaction.TransactionContext   : Began transaction (1) for test context [DefaultTestContext@27d4a09 testClass = ScoreBoardControllerTest, testInstance = com.spring.backend.controller.ScoreBoardControllerTest@1297cf8, testMethod = modifyScoreboardMonthly@ScoreBoardControllerTest, testException = [null], mergedContextConfiguration = [WebMergedContextConfiguration@7e4204e2 testClass = ScoreBoardControllerTest, locations = '{}', classes = '{class com.spring.backend.backendApplication}', contextInitializerClasses = '[]', activeProfiles = '{test}', propertySourceLocations = '{}', propertySourceProperties = '{org.springframework.boot.test.context.SpringBootTestContextBootstrapper=true}', contextCustomizers = set[org.springframework.boot.test.autoconfigure.actuate.metrics.MetricsExportContextCustomizerFactory$DisableMetricExportContextCustomizer@741a8937, org.springframework.boot.test.autoconfigure.properties.PropertyMappingContextCustomizer@0, org.springframework.boot.test.autoconfigure.web.servlet.WebDriverContextCustomizerFactory$Customizer@53ce1329, org.springframework.boot.test.context.filter.ExcludeFilterContextCustomizer@67f639d3, org.springframework.boot.test.json.DuplicateJsonObjectContextCustomizerFactory$DuplicateJsonObjectContextCustomizer@71a8adcf, org.springframework.boot.test.mock.mockito.MockitoContextCustomizer@0, org.springframework.boot.test.web.client.TestRestTemplateContextCustomizer@13fd2ccd, org.springframework.boot.test.context.SpringBootTestArgs@1, org.springframework.boot.test.context.SpringBootTestWebEnvironment@491cc5c9], resourceBasePath = 'src/main/webapp', contextLoader = 'org.springframework.boot.test.context.SpringBootContextLoader', parent = [null]], attributes = map['org.springframework.test.context.web.ServletTestExecutionListener.activateListener' -> true, 'org.springframework.test.context.web.ServletTestExecutionListener.populatedRequestContextHolder' -> true, 'org.springframework.test.context.web.ServletTestExecutionListener.resetRequestContextHolder' -> true, 'org.springframework.test.context.event.ApplicationEventsTestExecutionListener.recordApplicationEvents' -> false]]; transaction manager [org.springframework.orm.jpa.JpaTransactionManager@ca2a03f]; rollback [true]
2022-05-28 20:31:31.068  WARN 18256 --- [           main] o.h.engine.jdbc.spi.SqlExceptionHelper   : SQL Error: 23505, SQLState: 23505
2022-05-28 20:31:31.068 ERROR 18256 --- [           main] o.h.engine.jdbc.spi.SqlExceptionHelper   : Unique index or primary key violation: "PUBLIC.UKSB8BBOUER5WAK8VYIIY4PF2BX_INDEX_2 ON PUBLIC.USER(USERNAME) VALUES 3"; SQL statement:
insert into user (id, email, password, username) values (default, ?, ?, ?) [23505-200]
2022-05-28 20:31:31.078  INFO 18256 --- [           main] o.s.t.c.transaction.TransactionContext   : Rolled back transaction for test: [DefaultTestContext@27d4a09 testClass = ScoreBoardControllerTest, testInstance = com.spring.backend.controller.ScoreBoardControllerTest@1297cf8, testMethod = modifyScoreboardMonthly@ScoreBoardControllerTest, testException = org.springframework.dao.DataIntegrityViolationException: could not execute statement; SQL [n/a]; constraint ["PUBLIC.UKSB8BBOUER5WAK8VYIIY4PF2BX_INDEX_2 ON PUBLIC.USER(USERNAME) VALUES 3"; SQL statement:
insert into user (id, email, password, username) values (default, ?, ?, ?) [23505-200]]; nested exception is org.hibernate.exception.ConstraintViolationException: could not execute statement, mergedContextConfiguration = [WebMergedContextConfiguration@7e4204e2 testClass = ScoreBoardControllerTest, locations = '{}', classes = '{class com.spring.backend.backendApplication}', contextInitializerClasses = '[]', activeProfiles = '{test}', propertySourceLocations = '{}', propertySourceProperties = '{org.springframework.boot.test.context.SpringBootTestContextBootstrapper=true}', contextCustomizers = set[org.springframework.boot.test.autoconfigure.actuate.metrics.MetricsExportContextCustomizerFactory$DisableMetricExportContextCustomizer@741a8937, org.springframework.boot.test.autoconfigure.properties.PropertyMappingContextCustomizer@0, org.springframework.boot.test.autoconfigure.web.servlet.WebDriverContextCustomizerFactory$Customizer@53ce1329, org.springframework.boot.test.context.filter.ExcludeFilterContextCustomizer@67f639d3, org.springframework.boot.test.json.DuplicateJsonObjectContextCustomizerFactory$DuplicateJsonObjectContextCustomizer@71a8adcf, org.springframework.boot.test.mock.mockito.MockitoContextCustomizer@0, org.springframework.boot.test.web.client.TestRestTemplateContextCustomizer@13fd2ccd, org.springframework.boot.test.context.SpringBootTestArgs@1, org.springframework.boot.test.context.SpringBootTestWebEnvironment@491cc5c9], resourceBasePath = 'src/main/webapp', contextLoader = 'org.springframework.boot.test.context.SpringBootContextLoader', parent = [null]], attributes = map['org.springframework.test.context.web.ServletTestExecutionListener.activateListener' -> true, 'org.springframework.test.context.web.ServletTestExecutionListener.populatedRequestContextHolder' -> true, 'org.springframework.test.context.web.ServletTestExecutionListener.resetRequestContextHolder' -> true, 'org.springframework.test.context.event.ApplicationEventsTestExecutionListener.recordApplicationEvents' -> false]]
]]></system-out>
  </testcase>
  <testcase name="addScoreboard" classname="com.spring.backend.controller.ScoreBoardControllerTest" time="0.001">
    <error message="could not execute statement; SQL [n/a]; constraint [&quot;PUBLIC.UKSB8BBOUER5WAK8VYIIY4PF2BX_INDEX_2 ON PUBLIC.USER(USERNAME) VALUES 3&quot;; SQL statement:&#10;insert into user (id, email, password, username) values (default, ?, ?, ?) [23505-200]]; nested exception is org.hibernate.exception.ConstraintViolationException: could not execute statement" type="org.springframework.dao.DataIntegrityViolationException">org.springframework.dao.DataIntegrityViolationException: 
could not execute statement; SQL [n/a]; constraint ["PUBLIC.UKSB8BBOUER5WAK8VYIIY4PF2BX_INDEX_2 ON PUBLIC.USER(USERNAME) VALUES 3"; SQL statement:
insert into user (id, email, password, username) values (default, ?, ?, ?) [23505-200]]; nested exception is org.hibernate.exception.ConstraintViolationException: could not execute statement
	at com.spring.backend.controller.ScoreBoardControllerTest.addScoreboard(ScoreBoardControllerTest.java:57)
Caused by: org.hibernate.exception.ConstraintViolationException: could not execute statement
	at com.spring.backend.controller.ScoreBoardControllerTest.addScoreboard(ScoreBoardControllerTest.java:57)
Caused by: org.h2.jdbc.JdbcSQLIntegrityConstraintViolationException: 
Unique index or primary key violation: "PUBLIC.UKSB8BBOUER5WAK8VYIIY4PF2BX_INDEX_2 ON PUBLIC.USER(USERNAME) VALUES 3"; SQL statement:
insert into user (id, email, password, username) values (default, ?, ?, ?) [23505-200]
	at com.spring.backend.controller.ScoreBoardControllerTest.addScoreboard(ScoreBoardControllerTest.java:57)
</error>
    <system-out><![CDATA[2022-05-28 20:31:31.090  WARN 18256 --- [           main] o.h.engine.jdbc.spi.SqlExceptionHelper   : SQL Error: 23505, SQLState: 23505
2022-05-28 20:31:31.090 ERROR 18256 --- [           main] o.h.engine.jdbc.spi.SqlExceptionHelper   : Unique index or primary key violation: "PUBLIC.UKSB8BBOUER5WAK8VYIIY4PF2BX_INDEX_2 ON PUBLIC.USER(USERNAME) VALUES 3"; SQL statement:
insert into user (id, email, password, username) values (default, ?, ?, ?) [23505-200]
]]></system-out>
  </testcase>
  <testcase name="getUserScoreboard" classname="com.spring.backend.controller.ScoreBoardControllerTest" time="0.037">
    <error message="could not execute statement; SQL [n/a]; constraint [&quot;PUBLIC.UKSB8BBOUER5WAK8VYIIY4PF2BX_INDEX_2 ON PUBLIC.USER(USERNAME) VALUES 3&quot;; SQL statement:&#10;insert into user (id, email, password, username) values (default, ?, ?, ?) [23505-200]]; nested exception is org.hibernate.exception.ConstraintViolationException: could not execute statement" type="org.springframework.dao.DataIntegrityViolationException">org.springframework.dao.DataIntegrityViolationException: 
could not execute statement; SQL [n/a]; constraint ["PUBLIC.UKSB8BBOUER5WAK8VYIIY4PF2BX_INDEX_2 ON PUBLIC.USER(USERNAME) VALUES 3"; SQL statement:
insert into user (id, email, password, username) values (default, ?, ?, ?) [23505-200]]; nested exception is org.hibernate.exception.ConstraintViolationException: could not execute statement
	at com.spring.backend.controller.ScoreBoardControllerTest.getUserScoreboard(ScoreBoardControllerTest.java:64)
Caused by: org.hibernate.exception.ConstraintViolationException: could not execute statement
	at com.spring.backend.controller.ScoreBoardControllerTest.getUserScoreboard(ScoreBoardControllerTest.java:64)
Caused by: org.h2.jdbc.JdbcSQLIntegrityConstraintViolationException: 
Unique index or primary key violation: "PUBLIC.UKSB8BBOUER5WAK8VYIIY4PF2BX_INDEX_2 ON PUBLIC.USER(USERNAME) VALUES 3"; SQL statement:
insert into user (id, email, password, username) values (default, ?, ?, ?) [23505-200]
	at com.spring.backend.controller.ScoreBoardControllerTest.getUserScoreboard(ScoreBoardControllerTest.java:64)
</error>
    <system-out><![CDATA[2022-05-28 20:31:31.102  INFO 18256 --- [           main] o.s.t.c.transaction.TransactionContext   : Began transaction (1) for test context [DefaultTestContext@27d4a09 testClass = ScoreBoardControllerTest, testInstance = com.spring.backend.controller.ScoreBoardControllerTest@2f154d9b, testMethod = getUserScoreboard@ScoreBoardControllerTest, testException = [null], mergedContextConfiguration = [WebMergedContextConfiguration@7e4204e2 testClass = ScoreBoardControllerTest, locations = '{}', classes = '{class com.spring.backend.backendApplication}', contextInitializerClasses = '[]', activeProfiles = '{test}', propertySourceLocations = '{}', propertySourceProperties = '{org.springframework.boot.test.context.SpringBootTestContextBootstrapper=true}', contextCustomizers = set[org.springframework.boot.test.autoconfigure.actuate.metrics.MetricsExportContextCustomizerFactory$DisableMetricExportContextCustomizer@741a8937, org.springframework.boot.test.autoconfigure.properties.PropertyMappingContextCustomizer@0, org.springframework.boot.test.autoconfigure.web.servlet.WebDriverContextCustomizerFactory$Customizer@53ce1329, org.springframework.boot.test.context.filter.ExcludeFilterContextCustomizer@67f639d3, org.springframework.boot.test.json.DuplicateJsonObjectContextCustomizerFactory$DuplicateJsonObjectContextCustomizer@71a8adcf, org.springframework.boot.test.mock.mockito.MockitoContextCustomizer@0, org.springframework.boot.test.web.client.TestRestTemplateContextCustomizer@13fd2ccd, org.springframework.boot.test.context.SpringBootTestArgs@1, org.springframework.boot.test.context.SpringBootTestWebEnvironment@491cc5c9], resourceBasePath = 'src/main/webapp', contextLoader = 'org.springframework.boot.test.context.SpringBootContextLoader', parent = [null]], attributes = map['org.springframework.test.context.web.ServletTestExecutionListener.activateListener' -> true, 'org.springframework.test.context.web.ServletTestExecutionListener.populatedRequestContextHolder' -> true, 'org.springframework.test.context.web.ServletTestExecutionListener.resetRequestContextHolder' -> true, 'org.springframework.test.context.event.ApplicationEventsTestExecutionListener.recordApplicationEvents' -> false]]; transaction manager [org.springframework.orm.jpa.JpaTransactionManager@ca2a03f]; rollback [true]
2022-05-28 20:31:31.114  WARN 18256 --- [           main] o.h.engine.jdbc.spi.SqlExceptionHelper   : SQL Error: 23505, SQLState: 23505
2022-05-28 20:31:31.119 ERROR 18256 --- [           main] o.h.engine.jdbc.spi.SqlExceptionHelper   : Unique index or primary key violation: "PUBLIC.UKSB8BBOUER5WAK8VYIIY4PF2BX_INDEX_2 ON PUBLIC.USER(USERNAME) VALUES 3"; SQL statement:
insert into user (id, email, password, username) values (default, ?, ?, ?) [23505-200]
2022-05-28 20:31:31.132  INFO 18256 --- [           main] o.s.t.c.transaction.TransactionContext   : Rolled back transaction for test: [DefaultTestContext@27d4a09 testClass = ScoreBoardControllerTest, testInstance = com.spring.backend.controller.ScoreBoardControllerTest@2f154d9b, testMethod = getUserScoreboard@ScoreBoardControllerTest, testException = org.springframework.dao.DataIntegrityViolationException: could not execute statement; SQL [n/a]; constraint ["PUBLIC.UKSB8BBOUER5WAK8VYIIY4PF2BX_INDEX_2 ON PUBLIC.USER(USERNAME) VALUES 3"; SQL statement:
insert into user (id, email, password, username) values (default, ?, ?, ?) [23505-200]]; nested exception is org.hibernate.exception.ConstraintViolationException: could not execute statement, mergedContextConfiguration = [WebMergedContextConfiguration@7e4204e2 testClass = ScoreBoardControllerTest, locations = '{}', classes = '{class com.spring.backend.backendApplication}', contextInitializerClasses = '[]', activeProfiles = '{test}', propertySourceLocations = '{}', propertySourceProperties = '{org.springframework.boot.test.context.SpringBootTestContextBootstrapper=true}', contextCustomizers = set[org.springframework.boot.test.autoconfigure.actuate.metrics.MetricsExportContextCustomizerFactory$DisableMetricExportContextCustomizer@741a8937, org.springframework.boot.test.autoconfigure.properties.PropertyMappingContextCustomizer@0, org.springframework.boot.test.autoconfigure.web.servlet.WebDriverContextCustomizerFactory$Customizer@53ce1329, org.springframework.boot.test.context.filter.ExcludeFilterContextCustomizer@67f639d3, org.springframework.boot.test.json.DuplicateJsonObjectContextCustomizerFactory$DuplicateJsonObjectContextCustomizer@71a8adcf, org.springframework.boot.test.mock.mockito.MockitoContextCustomizer@0, org.springframework.boot.test.web.client.TestRestTemplateContextCustomizer@13fd2ccd, org.springframework.boot.test.context.SpringBootTestArgs@1, org.springframework.boot.test.context.SpringBootTestWebEnvironment@491cc5c9], resourceBasePath = 'src/main/webapp', contextLoader = 'org.springframework.boot.test.context.SpringBootContextLoader', parent = [null]], attributes = map['org.springframework.test.context.web.ServletTestExecutionListener.activateListener' -> true, 'org.springframework.test.context.web.ServletTestExecutionListener.populatedRequestContextHolder' -> true, 'org.springframework.test.context.web.ServletTestExecutionListener.resetRequestContextHolder' -> true, 'org.springframework.test.context.event.ApplicationEventsTestExecutionListener.recordApplicationEvents' -> false]]
]]></system-out>
  </testcase>
</testsuite>